[0.014s] Invoking command in '/home/peach/ros2_ws/src/lucia_slam_navigation/build/lucia_bringup': CMAKE_PREFIX_PATH=${CMAKE_PREFIX_PATH}:/home/peach/ros2_ws/install/urdf_tutorial_r2d2:/home/peach/ros2_ws/install/urdf_robot:/home/peach/ros2_ws/install/ros2_workshop:/home/peach/ros2_ws/install/lucia_slam_navigation:/home/peach/ros2_ws/src/urdf_tutorial_r2d2/install/urdf_tutorial_r2d2:/home/peach/ros2_ws/src/install/urdf_tutorial_r2d2:/home/peach/ros2_ws/src/install/urdf_robot:/home/peach/ros2_ws/src/install/ros2_workshop:/opt/ros/humble /usr/bin/cmake --build /home/peach/ros2_ws/src/lucia_slam_navigation/build/lucia_bringup -- -j8 -l8
[0.046s] Invoked command in '/home/peach/ros2_ws/src/lucia_slam_navigation/build/lucia_bringup' returned '0': CMAKE_PREFIX_PATH=${CMAKE_PREFIX_PATH}:/home/peach/ros2_ws/install/urdf_tutorial_r2d2:/home/peach/ros2_ws/install/urdf_robot:/home/peach/ros2_ws/install/ros2_workshop:/home/peach/ros2_ws/install/lucia_slam_navigation:/home/peach/ros2_ws/src/urdf_tutorial_r2d2/install/urdf_tutorial_r2d2:/home/peach/ros2_ws/src/install/urdf_tutorial_r2d2:/home/peach/ros2_ws/src/install/urdf_robot:/home/peach/ros2_ws/src/install/ros2_workshop:/opt/ros/humble /usr/bin/cmake --build /home/peach/ros2_ws/src/lucia_slam_navigation/build/lucia_bringup -- -j8 -l8
[0.077s] Invoking command in '/home/peach/ros2_ws/src/lucia_slam_navigation/build/lucia_bringup': CMAKE_PREFIX_PATH=${CMAKE_PREFIX_PATH}:/home/peach/ros2_ws/install/urdf_tutorial_r2d2:/home/peach/ros2_ws/install/urdf_robot:/home/peach/ros2_ws/install/ros2_workshop:/home/peach/ros2_ws/install/lucia_slam_navigation:/home/peach/ros2_ws/src/urdf_tutorial_r2d2/install/urdf_tutorial_r2d2:/home/peach/ros2_ws/src/install/urdf_tutorial_r2d2:/home/peach/ros2_ws/src/install/urdf_robot:/home/peach/ros2_ws/src/install/ros2_workshop:/opt/ros/humble /usr/bin/cmake --install /home/peach/ros2_ws/src/lucia_slam_navigation/build/lucia_bringup
[0.084s] -- Install configuration: ""
[0.084s] -- Up-to-date: /home/peach/ros2_ws/src/lucia_slam_navigation/install/lucia_bringup/share/lucia_bringup/launch
[0.084s] -- Up-to-date: /home/peach/ros2_ws/src/lucia_slam_navigation/install/lucia_bringup/share/lucia_bringup/launch/lucia_state_publisher.launch.py
[0.084s] -- Up-to-date: /home/peach/ros2_ws/src/lucia_slam_navigation/install/lucia_bringup/share/lucia_bringup/param
[0.084s] -- Up-to-date: /home/peach/ros2_ws/src/lucia_slam_navigation/install/lucia_bringup/share/lucia_bringup/param/lucia.yaml
[0.084s] -- Up-to-date: /home/peach/ros2_ws/src/lucia_slam_navigation/install/lucia_bringup/share/ament_index/resource_index/package_run_dependencies/lucia_bringup
[0.084s] -- Up-to-date: /home/peach/ros2_ws/src/lucia_slam_navigation/install/lucia_bringup/share/ament_index/resource_index/parent_prefix_path/lucia_bringup
[0.084s] -- Up-to-date: /home/peach/ros2_ws/src/lucia_slam_navigation/install/lucia_bringup/share/lucia_bringup/environment/ament_prefix_path.sh
[0.084s] -- Up-to-date: /home/peach/ros2_ws/src/lucia_slam_navigation/install/lucia_bringup/share/lucia_bringup/environment/ament_prefix_path.dsv
[0.085s] -- Up-to-date: /home/peach/ros2_ws/src/lucia_slam_navigation/install/lucia_bringup/share/lucia_bringup/environment/path.sh
[0.085s] -- Up-to-date: /home/peach/ros2_ws/src/lucia_slam_navigation/install/lucia_bringup/share/lucia_bringup/environment/path.dsv
[0.085s] -- Up-to-date: /home/peach/ros2_ws/src/lucia_slam_navigation/install/lucia_bringup/share/lucia_bringup/local_setup.bash
[0.085s] -- Up-to-date: /home/peach/ros2_ws/src/lucia_slam_navigation/install/lucia_bringup/share/lucia_bringup/local_setup.sh
[0.085s] -- Up-to-date: /home/peach/ros2_ws/src/lucia_slam_navigation/install/lucia_bringup/share/lucia_bringup/local_setup.zsh
[0.085s] -- Up-to-date: /home/peach/ros2_ws/src/lucia_slam_navigation/install/lucia_bringup/share/lucia_bringup/local_setup.dsv
[0.085s] -- Installing: /home/peach/ros2_ws/src/lucia_slam_navigation/install/lucia_bringup/share/lucia_bringup/package.dsv
[0.085s] -- Up-to-date: /home/peach/ros2_ws/src/lucia_slam_navigation/install/lucia_bringup/share/ament_index/resource_index/packages/lucia_bringup
[0.086s] -- Up-to-date: /home/peach/ros2_ws/src/lucia_slam_navigation/install/lucia_bringup/share/lucia_bringup/cmake/lucia_bringupConfig.cmake
[0.086s] -- Up-to-date: /home/peach/ros2_ws/src/lucia_slam_navigation/install/lucia_bringup/share/lucia_bringup/cmake/lucia_bringupConfig-version.cmake
[0.086s] -- Up-to-date: /home/peach/ros2_ws/src/lucia_slam_navigation/install/lucia_bringup/share/lucia_bringup/package.xml
[0.087s] Invoked command in '/home/peach/ros2_ws/src/lucia_slam_navigation/build/lucia_bringup' returned '0': CMAKE_PREFIX_PATH=${CMAKE_PREFIX_PATH}:/home/peach/ros2_ws/install/urdf_tutorial_r2d2:/home/peach/ros2_ws/install/urdf_robot:/home/peach/ros2_ws/install/ros2_workshop:/home/peach/ros2_ws/install/lucia_slam_navigation:/home/peach/ros2_ws/src/urdf_tutorial_r2d2/install/urdf_tutorial_r2d2:/home/peach/ros2_ws/src/install/urdf_tutorial_r2d2:/home/peach/ros2_ws/src/install/urdf_robot:/home/peach/ros2_ws/src/install/ros2_workshop:/opt/ros/humble /usr/bin/cmake --install /home/peach/ros2_ws/src/lucia_slam_navigation/build/lucia_bringup
