[0.070s] DEBUG:colcon:Command line arguments: ['/usr/bin/colcon', 'build', '--packages-select', 'lucia_bringup']
[0.070s] DEBUG:colcon:Parsed command line arguments: Namespace(log_base=None, log_level=None, verb_name='build', build_base='build', install_base='install', merge_install=False, symlink_install=False, test_result_base=None, continue_on_error=False, executor='parallel', parallel_workers=8, event_handlers=None, ignore_user_meta=False, metas=['./colcon.meta'], base_paths=['.'], packages_ignore=None, packages_ignore_regex=None, paths=None, packages_up_to=None, packages_up_to_regex=None, packages_above=None, packages_above_and_dependencies=None, packages_above_depth=None, packages_select_by_dep=None, packages_skip_by_dep=None, packages_skip_up_to=None, packages_select_build_failed=False, packages_skip_build_finished=False, packages_select_test_failures=False, packages_skip_test_passed=False, packages_select=['lucia_bringup'], packages_skip=None, packages_select_regex=None, packages_skip_regex=None, packages_start=None, packages_end=None, allow_overriding=[], cmake_args=None, cmake_target=None, cmake_target_skip_unavailable=False, cmake_clean_cache=False, cmake_clean_first=False, cmake_force_configure=False, ament_cmake_args=None, catkin_cmake_args=None, catkin_skip_building_tests=False, verb_parser=<colcon_defaults.argument_parser.defaults.DefaultArgumentsDecorator object at 0x79bb0359ad10>, verb_extension=<colcon_core.verb.build.BuildVerb object at 0x79bb0359a740>, main=<bound method BuildVerb.main of <colcon_core.verb.build.BuildVerb object at 0x79bb0359a740>>)
[0.179s] Level 1:colcon.colcon_core.package_discovery:discover_packages(colcon_meta) check parameters
[0.180s] Level 1:colcon.colcon_core.package_discovery:discover_packages(recursive) check parameters
[0.180s] Level 1:colcon.colcon_core.package_discovery:discover_packages(ignore) check parameters
[0.180s] Level 1:colcon.colcon_core.package_discovery:discover_packages(path) check parameters
[0.180s] Level 1:colcon.colcon_core.package_discovery:discover_packages(colcon_meta) discover
[0.180s] Level 1:colcon.colcon_core.package_discovery:discover_packages(recursive) discover
[0.180s] INFO:colcon.colcon_core.package_discovery:Crawling recursively for packages in '/home/peach/ros2_ws/src/lucia_slam_navigation'
[0.180s] Level 1:colcon.colcon_core.package_identification:_identify(.) by extensions ['ignore', 'ignore_ament_install']
[0.180s] Level 1:colcon.colcon_core.package_identification:_identify(.) by extension 'ignore'
[0.180s] Level 1:colcon.colcon_core.package_identification:_identify(.) by extension 'ignore_ament_install'
[0.180s] Level 1:colcon.colcon_core.package_identification:_identify(.) by extensions ['colcon_pkg']
[0.180s] Level 1:colcon.colcon_core.package_identification:_identify(.) by extension 'colcon_pkg'
[0.180s] Level 1:colcon.colcon_core.package_identification:_identify(.) by extensions ['colcon_meta']
[0.180s] Level 1:colcon.colcon_core.package_identification:_identify(.) by extension 'colcon_meta'
[0.180s] Level 1:colcon.colcon_core.package_identification:_identify(.) by extensions ['ros']
[0.180s] Level 1:colcon.colcon_core.package_identification:_identify(.) by extension 'ros'
[0.187s] Level 1:colcon.colcon_core.package_identification:_identify(.) by extensions ['cmake', 'python']
[0.187s] Level 1:colcon.colcon_core.package_identification:_identify(.) by extension 'cmake'
[0.187s] Level 1:colcon.colcon_core.package_identification:_identify(.) by extension 'python'
[0.187s] Level 1:colcon.colcon_core.package_identification:_identify(.) by extensions ['python_setup_py']
[0.187s] Level 1:colcon.colcon_core.package_identification:_identify(.) by extension 'python_setup_py'
[0.187s] Level 1:colcon.colcon_core.package_identification:_identify(build) by extensions ['ignore', 'ignore_ament_install']
[0.187s] Level 1:colcon.colcon_core.package_identification:_identify(build) by extension 'ignore'
[0.187s] Level 1:colcon.colcon_core.package_identification:_identify(build) ignored
[0.187s] Level 1:colcon.colcon_core.package_identification:_identify(include) by extensions ['ignore', 'ignore_ament_install']
[0.187s] Level 1:colcon.colcon_core.package_identification:_identify(include) by extension 'ignore'
[0.187s] Level 1:colcon.colcon_core.package_identification:_identify(include) by extension 'ignore_ament_install'
[0.188s] Level 1:colcon.colcon_core.package_identification:_identify(include) by extensions ['colcon_pkg']
[0.188s] Level 1:colcon.colcon_core.package_identification:_identify(include) by extension 'colcon_pkg'
[0.188s] Level 1:colcon.colcon_core.package_identification:_identify(include) by extensions ['colcon_meta']
[0.188s] Level 1:colcon.colcon_core.package_identification:_identify(include) by extension 'colcon_meta'
[0.188s] Level 1:colcon.colcon_core.package_identification:_identify(include) by extensions ['ros']
[0.188s] Level 1:colcon.colcon_core.package_identification:_identify(include) by extension 'ros'
[0.188s] Level 1:colcon.colcon_core.package_identification:_identify(include) by extensions ['cmake', 'python']
[0.188s] Level 1:colcon.colcon_core.package_identification:_identify(include) by extension 'cmake'
[0.188s] Level 1:colcon.colcon_core.package_identification:_identify(include) by extension 'python'
[0.188s] Level 1:colcon.colcon_core.package_identification:_identify(include) by extensions ['python_setup_py']
[0.188s] Level 1:colcon.colcon_core.package_identification:_identify(include) by extension 'python_setup_py'
[0.188s] Level 1:colcon.colcon_core.package_identification:_identify(include/lucia_slam_navigation) by extensions ['ignore', 'ignore_ament_install']
[0.188s] Level 1:colcon.colcon_core.package_identification:_identify(include/lucia_slam_navigation) by extension 'ignore'
[0.188s] Level 1:colcon.colcon_core.package_identification:_identify(include/lucia_slam_navigation) by extension 'ignore_ament_install'
[0.188s] Level 1:colcon.colcon_core.package_identification:_identify(include/lucia_slam_navigation) by extensions ['colcon_pkg']
[0.188s] Level 1:colcon.colcon_core.package_identification:_identify(include/lucia_slam_navigation) by extension 'colcon_pkg'
[0.188s] Level 1:colcon.colcon_core.package_identification:_identify(include/lucia_slam_navigation) by extensions ['colcon_meta']
[0.188s] Level 1:colcon.colcon_core.package_identification:_identify(include/lucia_slam_navigation) by extension 'colcon_meta'
[0.188s] Level 1:colcon.colcon_core.package_identification:_identify(include/lucia_slam_navigation) by extensions ['ros']
[0.188s] Level 1:colcon.colcon_core.package_identification:_identify(include/lucia_slam_navigation) by extension 'ros'
[0.188s] Level 1:colcon.colcon_core.package_identification:_identify(include/lucia_slam_navigation) by extensions ['cmake', 'python']
[0.188s] Level 1:colcon.colcon_core.package_identification:_identify(include/lucia_slam_navigation) by extension 'cmake'
[0.188s] Level 1:colcon.colcon_core.package_identification:_identify(include/lucia_slam_navigation) by extension 'python'
[0.188s] Level 1:colcon.colcon_core.package_identification:_identify(include/lucia_slam_navigation) by extensions ['python_setup_py']
[0.188s] Level 1:colcon.colcon_core.package_identification:_identify(include/lucia_slam_navigation) by extension 'python_setup_py'
[0.188s] Level 1:colcon.colcon_core.package_identification:_identify(install) by extensions ['ignore', 'ignore_ament_install']
[0.188s] Level 1:colcon.colcon_core.package_identification:_identify(install) by extension 'ignore'
[0.188s] Level 1:colcon.colcon_core.package_identification:_identify(install) ignored
[0.188s] Level 1:colcon.colcon_core.package_identification:_identify(log) by extensions ['ignore', 'ignore_ament_install']
[0.188s] Level 1:colcon.colcon_core.package_identification:_identify(log) by extension 'ignore'
[0.188s] Level 1:colcon.colcon_core.package_identification:_identify(log) ignored
[0.189s] Level 1:colcon.colcon_core.package_identification:_identify(lucia_bringup) by extensions ['ignore', 'ignore_ament_install']
[0.189s] Level 1:colcon.colcon_core.package_identification:_identify(lucia_bringup) by extension 'ignore'
[0.189s] Level 1:colcon.colcon_core.package_identification:_identify(lucia_bringup) by extension 'ignore_ament_install'
[0.189s] Level 1:colcon.colcon_core.package_identification:_identify(lucia_bringup) by extensions ['colcon_pkg']
[0.189s] Level 1:colcon.colcon_core.package_identification:_identify(lucia_bringup) by extension 'colcon_pkg'
[0.189s] Level 1:colcon.colcon_core.package_identification:_identify(lucia_bringup) by extensions ['colcon_meta']
[0.189s] Level 1:colcon.colcon_core.package_identification:_identify(lucia_bringup) by extension 'colcon_meta'
[0.189s] Level 1:colcon.colcon_core.package_identification:_identify(lucia_bringup) by extensions ['ros']
[0.189s] Level 1:colcon.colcon_core.package_identification:_identify(lucia_bringup) by extension 'ros'
[0.190s] DEBUG:colcon.colcon_core.package_identification:Package 'lucia_bringup' with type 'ros.ament_cmake' and name 'lucia_bringup'
[0.190s] Level 1:colcon.colcon_core.package_identification:_identify(lucia_cartographer) by extensions ['ignore', 'ignore_ament_install']
[0.191s] Level 1:colcon.colcon_core.package_identification:_identify(lucia_cartographer) by extension 'ignore'
[0.191s] Level 1:colcon.colcon_core.package_identification:_identify(lucia_cartographer) by extension 'ignore_ament_install'
[0.191s] Level 1:colcon.colcon_core.package_identification:_identify(lucia_cartographer) by extensions ['colcon_pkg']
[0.191s] Level 1:colcon.colcon_core.package_identification:_identify(lucia_cartographer) by extension 'colcon_pkg'
[0.191s] Level 1:colcon.colcon_core.package_identification:_identify(lucia_cartographer) by extensions ['colcon_meta']
[0.191s] Level 1:colcon.colcon_core.package_identification:_identify(lucia_cartographer) by extension 'colcon_meta'
[0.191s] Level 1:colcon.colcon_core.package_identification:_identify(lucia_cartographer) by extensions ['ros']
[0.191s] Level 1:colcon.colcon_core.package_identification:_identify(lucia_cartographer) by extension 'ros'
[0.191s] DEBUG:colcon.colcon_core.package_identification:Package 'lucia_cartographer' with type 'ros.ament_cmake' and name 'lucia_cartographer'
[0.191s] Level 1:colcon.colcon_core.package_identification:_identify(lucia_description) by extensions ['ignore', 'ignore_ament_install']
[0.191s] Level 1:colcon.colcon_core.package_identification:_identify(lucia_description) by extension 'ignore'
[0.191s] Level 1:colcon.colcon_core.package_identification:_identify(lucia_description) by extension 'ignore_ament_install'
[0.191s] Level 1:colcon.colcon_core.package_identification:_identify(lucia_description) by extensions ['colcon_pkg']
[0.191s] Level 1:colcon.colcon_core.package_identification:_identify(lucia_description) by extension 'colcon_pkg'
[0.191s] Level 1:colcon.colcon_core.package_identification:_identify(lucia_description) by extensions ['colcon_meta']
[0.191s] Level 1:colcon.colcon_core.package_identification:_identify(lucia_description) by extension 'colcon_meta'
[0.191s] Level 1:colcon.colcon_core.package_identification:_identify(lucia_description) by extensions ['ros']
[0.191s] Level 1:colcon.colcon_core.package_identification:_identify(lucia_description) by extension 'ros'
[0.192s] DEBUG:colcon.colcon_core.package_identification:Package 'lucia_description' with type 'ros.ament_cmake' and name 'lucia_description'
[0.192s] Level 1:colcon.colcon_core.package_identification:_identify(lucia_node) by extensions ['ignore', 'ignore_ament_install']
[0.192s] Level 1:colcon.colcon_core.package_identification:_identify(lucia_node) by extension 'ignore'
[0.192s] Level 1:colcon.colcon_core.package_identification:_identify(lucia_node) by extension 'ignore_ament_install'
[0.192s] Level 1:colcon.colcon_core.package_identification:_identify(lucia_node) by extensions ['colcon_pkg']
[0.192s] Level 1:colcon.colcon_core.package_identification:_identify(lucia_node) by extension 'colcon_pkg'
[0.192s] Level 1:colcon.colcon_core.package_identification:_identify(lucia_node) by extensions ['colcon_meta']
[0.192s] Level 1:colcon.colcon_core.package_identification:_identify(lucia_node) by extension 'colcon_meta'
[0.192s] Level 1:colcon.colcon_core.package_identification:_identify(lucia_node) by extensions ['ros']
[0.192s] Level 1:colcon.colcon_core.package_identification:_identify(lucia_node) by extension 'ros'
[0.192s] Level 1:colcon.colcon_core.package_identification:_identify(lucia_node) by extensions ['cmake', 'python']
[0.192s] Level 1:colcon.colcon_core.package_identification:_identify(lucia_node) by extension 'cmake'
[0.192s] Level 1:colcon.colcon_core.package_identification:_identify(lucia_node) by extension 'python'
[0.192s] Level 1:colcon.colcon_core.package_identification:_identify(lucia_node) by extensions ['python_setup_py']
[0.192s] Level 1:colcon.colcon_core.package_identification:_identify(lucia_node) by extension 'python_setup_py'
[0.192s] Level 1:colcon.colcon_core.package_identification:_identify(lucia_node/src) by extensions ['ignore', 'ignore_ament_install']
[0.192s] Level 1:colcon.colcon_core.package_identification:_identify(lucia_node/src) by extension 'ignore'
[0.192s] Level 1:colcon.colcon_core.package_identification:_identify(lucia_node/src) by extension 'ignore_ament_install'
[0.193s] Level 1:colcon.colcon_core.package_identification:_identify(lucia_node/src) by extensions ['colcon_pkg']
[0.193s] Level 1:colcon.colcon_core.package_identification:_identify(lucia_node/src) by extension 'colcon_pkg'
[0.193s] Level 1:colcon.colcon_core.package_identification:_identify(lucia_node/src) by extensions ['colcon_meta']
[0.193s] Level 1:colcon.colcon_core.package_identification:_identify(lucia_node/src) by extension 'colcon_meta'
[0.193s] Level 1:colcon.colcon_core.package_identification:_identify(lucia_node/src) by extensions ['ros']
[0.193s] Level 1:colcon.colcon_core.package_identification:_identify(lucia_node/src) by extension 'ros'
[0.193s] Level 1:colcon.colcon_core.package_identification:_identify(lucia_node/src) by extensions ['cmake', 'python']
[0.193s] Level 1:colcon.colcon_core.package_identification:_identify(lucia_node/src) by extension 'cmake'
[0.193s] Level 1:colcon.colcon_core.package_identification:_identify(lucia_node/src) by extension 'python'
[0.193s] Level 1:colcon.colcon_core.package_identification:_identify(lucia_node/src) by extensions ['python_setup_py']
[0.193s] Level 1:colcon.colcon_core.package_identification:_identify(lucia_node/src) by extension 'python_setup_py'
[0.193s] Level 1:colcon.colcon_core.package_identification:_identify(lucia_node/src/devices) by extensions ['ignore', 'ignore_ament_install']
[0.193s] Level 1:colcon.colcon_core.package_identification:_identify(lucia_node/src/devices) by extension 'ignore'
[0.193s] Level 1:colcon.colcon_core.package_identification:_identify(lucia_node/src/devices) by extension 'ignore_ament_install'
[0.193s] Level 1:colcon.colcon_core.package_identification:_identify(lucia_node/src/devices) by extensions ['colcon_pkg']
[0.193s] Level 1:colcon.colcon_core.package_identification:_identify(lucia_node/src/devices) by extension 'colcon_pkg'
[0.193s] Level 1:colcon.colcon_core.package_identification:_identify(lucia_node/src/devices) by extensions ['colcon_meta']
[0.193s] Level 1:colcon.colcon_core.package_identification:_identify(lucia_node/src/devices) by extension 'colcon_meta'
[0.193s] Level 1:colcon.colcon_core.package_identification:_identify(lucia_node/src/devices) by extensions ['ros']
[0.193s] Level 1:colcon.colcon_core.package_identification:_identify(lucia_node/src/devices) by extension 'ros'
[0.193s] Level 1:colcon.colcon_core.package_identification:_identify(lucia_node/src/devices) by extensions ['cmake', 'python']
[0.193s] Level 1:colcon.colcon_core.package_identification:_identify(lucia_node/src/devices) by extension 'cmake'
[0.193s] Level 1:colcon.colcon_core.package_identification:_identify(lucia_node/src/devices) by extension 'python'
[0.193s] Level 1:colcon.colcon_core.package_identification:_identify(lucia_node/src/devices) by extensions ['python_setup_py']
[0.193s] Level 1:colcon.colcon_core.package_identification:_identify(lucia_node/src/devices) by extension 'python_setup_py'
[0.193s] Level 1:colcon.colcon_core.package_identification:_identify(lucia_slam) by extensions ['ignore', 'ignore_ament_install']
[0.194s] Level 1:colcon.colcon_core.package_identification:_identify(lucia_slam) by extension 'ignore'
[0.194s] Level 1:colcon.colcon_core.package_identification:_identify(lucia_slam) by extension 'ignore_ament_install'
[0.194s] Level 1:colcon.colcon_core.package_identification:_identify(lucia_slam) by extensions ['colcon_pkg']
[0.194s] Level 1:colcon.colcon_core.package_identification:_identify(lucia_slam) by extension 'colcon_pkg'
[0.194s] Level 1:colcon.colcon_core.package_identification:_identify(lucia_slam) by extensions ['colcon_meta']
[0.194s] Level 1:colcon.colcon_core.package_identification:_identify(lucia_slam) by extension 'colcon_meta'
[0.194s] Level 1:colcon.colcon_core.package_identification:_identify(lucia_slam) by extensions ['ros']
[0.194s] Level 1:colcon.colcon_core.package_identification:_identify(lucia_slam) by extension 'ros'
[0.194s] Level 1:colcon.colcon_core.package_identification:_identify(lucia_slam) by extensions ['cmake', 'python']
[0.194s] Level 1:colcon.colcon_core.package_identification:_identify(lucia_slam) by extension 'cmake'
[0.194s] Level 1:colcon.colcon_core.package_identification:_identify(lucia_slam) by extension 'python'
[0.194s] Level 1:colcon.colcon_core.package_identification:_identify(lucia_slam) by extensions ['python_setup_py']
[0.194s] Level 1:colcon.colcon_core.package_identification:_identify(lucia_slam) by extension 'python_setup_py'
[0.194s] Level 1:colcon.colcon_core.package_identification:_identify(lucia_slam/build) by extensions ['ignore', 'ignore_ament_install']
[0.194s] Level 1:colcon.colcon_core.package_identification:_identify(lucia_slam/build) by extension 'ignore'
[0.194s] Level 1:colcon.colcon_core.package_identification:_identify(lucia_slam/build) ignored
[0.194s] Level 1:colcon.colcon_core.package_discovery:discover_packages(recursive) using defaults
[0.194s] Level 1:colcon.colcon_core.package_discovery:discover_packages(ignore) discover
[0.194s] Level 1:colcon.colcon_core.package_discovery:discover_packages(ignore) using defaults
[0.194s] Level 1:colcon.colcon_core.package_discovery:discover_packages(path) discover
[0.194s] Level 1:colcon.colcon_core.package_discovery:discover_packages(path) using defaults
[0.216s] INFO:colcon.colcon_core.package_selection:Skipping not selected package 'lucia_cartographer' in 'lucia_cartographer'
[0.216s] INFO:colcon.colcon_core.package_selection:Skipping not selected package 'lucia_description' in 'lucia_description'
[0.217s] Level 1:colcon.colcon_core.package_discovery:discover_packages(prefix_path) check parameters
[0.217s] Level 1:colcon.colcon_core.package_discovery:discover_packages(prefix_path) discover
[0.221s] DEBUG:colcon.colcon_installed_package_information.package_discovery:Found 29 installed packages in /home/peach/ros2_ws/install
[0.221s] DEBUG:colcon.colcon_installed_package_information.package_discovery:Found 5 installed packages in /home/peach/install
[0.222s] DEBUG:colcon.colcon_installed_package_information.package_discovery:Found 1 installed packages in /home/peach/ros2_ws/src/urdf_tutorial_r2d2/install
[0.223s] DEBUG:colcon.colcon_installed_package_information.package_discovery:Found 19 installed packages in /home/peach/ros2_ws/src/install
[0.225s] DEBUG:colcon.colcon_installed_package_information.package_discovery:Found 436 installed packages in /opt/ros/humble
[0.226s] Level 1:colcon.colcon_core.package_discovery:discover_packages(prefix_path) using defaults
[0.259s] Level 5:colcon.colcon_core.verb:set package 'lucia_bringup' build argument 'cmake_args' from command line to 'None'
[0.259s] Level 5:colcon.colcon_core.verb:set package 'lucia_bringup' build argument 'cmake_target' from command line to 'None'
[0.259s] Level 5:colcon.colcon_core.verb:set package 'lucia_bringup' build argument 'cmake_target_skip_unavailable' from command line to 'False'
[0.259s] Level 5:colcon.colcon_core.verb:set package 'lucia_bringup' build argument 'cmake_clean_cache' from command line to 'False'
[0.259s] Level 5:colcon.colcon_core.verb:set package 'lucia_bringup' build argument 'cmake_clean_first' from command line to 'False'
[0.259s] Level 5:colcon.colcon_core.verb:set package 'lucia_bringup' build argument 'cmake_force_configure' from command line to 'False'
[0.259s] Level 5:colcon.colcon_core.verb:set package 'lucia_bringup' build argument 'ament_cmake_args' from command line to 'None'
[0.259s] Level 5:colcon.colcon_core.verb:set package 'lucia_bringup' build argument 'catkin_cmake_args' from command line to 'None'
[0.259s] Level 5:colcon.colcon_core.verb:set package 'lucia_bringup' build argument 'catkin_skip_building_tests' from command line to 'False'
[0.259s] DEBUG:colcon.colcon_core.verb:Building package 'lucia_bringup' with the following arguments: {'ament_cmake_args': None, 'build_base': '/home/peach/ros2_ws/src/lucia_slam_navigation/build/lucia_bringup', 'catkin_cmake_args': None, 'catkin_skip_building_tests': False, 'cmake_args': None, 'cmake_clean_cache': False, 'cmake_clean_first': False, 'cmake_force_configure': False, 'cmake_target': None, 'cmake_target_skip_unavailable': False, 'install_base': '/home/peach/ros2_ws/src/lucia_slam_navigation/install/lucia_bringup', 'merge_install': False, 'path': '/home/peach/ros2_ws/src/lucia_slam_navigation/lucia_bringup', 'symlink_install': False, 'test_result_base': None}
[0.259s] INFO:colcon.colcon_core.executor:Executing jobs using 'parallel' executor
[0.260s] DEBUG:colcon.colcon_parallel_executor.executor.parallel:run_until_complete
[0.260s] INFO:colcon.colcon_ros.task.ament_cmake.build:Building ROS package in '/home/peach/ros2_ws/src/lucia_slam_navigation/lucia_bringup' with build type 'ament_cmake'
[0.261s] INFO:colcon.colcon_cmake.task.cmake.build:Building CMake package in '/home/peach/ros2_ws/src/lucia_slam_navigation/lucia_bringup'
[0.262s] INFO:colcon.colcon_core.plugin_system:Skipping extension 'colcon_core.shell.bat': Not used on non-Windows systems
[0.263s] INFO:colcon.colcon_core.shell:Skip shell extension 'powershell' for command environment: Not usable outside of PowerShell
[0.263s] DEBUG:colcon.colcon_core.shell:Skip shell extension 'dsv' for command environment
[0.267s] WARNING:colcon.colcon_core.shell:The following packages are in the workspace but haven't been built:
- lucia_description
They are being used from the following locations instead:
- /home/peach/ros2_ws/install/lucia_description
To suppress this warning ignore these packages in the workspace:
--packages-ignore lucia_description
[0.274s] DEBUG:colcon.colcon_core.event_handler.log_command:Invoking command in '/home/peach/ros2_ws/src/lucia_slam_navigation/build/lucia_bringup': CMAKE_PREFIX_PATH=${CMAKE_PREFIX_PATH}:/home/peach/ros2_ws/install/urdf_tutorial_r2d2:/home/peach/ros2_ws/install/urdf_robot:/home/peach/ros2_ws/install/ros2_workshop:/home/peach/ros2_ws/install/lucia_slam_navigation:/home/peach/ros2_ws/src/urdf_tutorial_r2d2/install/urdf_tutorial_r2d2:/home/peach/ros2_ws/src/install/urdf_tutorial_r2d2:/home/peach/ros2_ws/src/install/urdf_robot:/home/peach/ros2_ws/src/install/ros2_workshop:/opt/ros/humble /usr/bin/cmake /home/peach/ros2_ws/src/lucia_slam_navigation/lucia_bringup -DCMAKE_INSTALL_PREFIX=/home/peach/ros2_ws/src/lucia_slam_navigation/install/lucia_bringup
[0.935s] DEBUG:colcon.colcon_core.event_handler.log_command:Invoked command in '/home/peach/ros2_ws/src/lucia_slam_navigation/build/lucia_bringup' returned '0': CMAKE_PREFIX_PATH=${CMAKE_PREFIX_PATH}:/home/peach/ros2_ws/install/urdf_tutorial_r2d2:/home/peach/ros2_ws/install/urdf_robot:/home/peach/ros2_ws/install/ros2_workshop:/home/peach/ros2_ws/install/lucia_slam_navigation:/home/peach/ros2_ws/src/urdf_tutorial_r2d2/install/urdf_tutorial_r2d2:/home/peach/ros2_ws/src/install/urdf_tutorial_r2d2:/home/peach/ros2_ws/src/install/urdf_robot:/home/peach/ros2_ws/src/install/ros2_workshop:/opt/ros/humble /usr/bin/cmake /home/peach/ros2_ws/src/lucia_slam_navigation/lucia_bringup -DCMAKE_INSTALL_PREFIX=/home/peach/ros2_ws/src/lucia_slam_navigation/install/lucia_bringup
[0.937s] DEBUG:colcon.colcon_core.event_handler.log_command:Invoking command in '/home/peach/ros2_ws/src/lucia_slam_navigation/build/lucia_bringup': CMAKE_PREFIX_PATH=${CMAKE_PREFIX_PATH}:/home/peach/ros2_ws/install/urdf_tutorial_r2d2:/home/peach/ros2_ws/install/urdf_robot:/home/peach/ros2_ws/install/ros2_workshop:/home/peach/ros2_ws/install/lucia_slam_navigation:/home/peach/ros2_ws/src/urdf_tutorial_r2d2/install/urdf_tutorial_r2d2:/home/peach/ros2_ws/src/install/urdf_tutorial_r2d2:/home/peach/ros2_ws/src/install/urdf_robot:/home/peach/ros2_ws/src/install/ros2_workshop:/opt/ros/humble /usr/bin/cmake --build /home/peach/ros2_ws/src/lucia_slam_navigation/build/lucia_bringup -- -j8 -l8
[0.966s] DEBUG:colcon.colcon_core.event_handler.log_command:Invoked command in '/home/peach/ros2_ws/src/lucia_slam_navigation/build/lucia_bringup' returned '0': CMAKE_PREFIX_PATH=${CMAKE_PREFIX_PATH}:/home/peach/ros2_ws/install/urdf_tutorial_r2d2:/home/peach/ros2_ws/install/urdf_robot:/home/peach/ros2_ws/install/ros2_workshop:/home/peach/ros2_ws/install/lucia_slam_navigation:/home/peach/ros2_ws/src/urdf_tutorial_r2d2/install/urdf_tutorial_r2d2:/home/peach/ros2_ws/src/install/urdf_tutorial_r2d2:/home/peach/ros2_ws/src/install/urdf_robot:/home/peach/ros2_ws/src/install/ros2_workshop:/opt/ros/humble /usr/bin/cmake --build /home/peach/ros2_ws/src/lucia_slam_navigation/build/lucia_bringup -- -j8 -l8
[0.998s] DEBUG:colcon.colcon_core.event_handler.log_command:Invoking command in '/home/peach/ros2_ws/src/lucia_slam_navigation/build/lucia_bringup': CMAKE_PREFIX_PATH=${CMAKE_PREFIX_PATH}:/home/peach/ros2_ws/install/urdf_tutorial_r2d2:/home/peach/ros2_ws/install/urdf_robot:/home/peach/ros2_ws/install/ros2_workshop:/home/peach/ros2_ws/install/lucia_slam_navigation:/home/peach/ros2_ws/src/urdf_tutorial_r2d2/install/urdf_tutorial_r2d2:/home/peach/ros2_ws/src/install/urdf_tutorial_r2d2:/home/peach/ros2_ws/src/install/urdf_robot:/home/peach/ros2_ws/src/install/ros2_workshop:/opt/ros/humble /usr/bin/cmake --install /home/peach/ros2_ws/src/lucia_slam_navigation/build/lucia_bringup
[1.009s] DEBUG:colcon.colcon_core.event_handler.log_command:Invoked command in '/home/peach/ros2_ws/src/lucia_slam_navigation/build/lucia_bringup' returned '1': CMAKE_PREFIX_PATH=${CMAKE_PREFIX_PATH}:/home/peach/ros2_ws/install/urdf_tutorial_r2d2:/home/peach/ros2_ws/install/urdf_robot:/home/peach/ros2_ws/install/ros2_workshop:/home/peach/ros2_ws/install/lucia_slam_navigation:/home/peach/ros2_ws/src/urdf_tutorial_r2d2/install/urdf_tutorial_r2d2:/home/peach/ros2_ws/src/install/urdf_tutorial_r2d2:/home/peach/ros2_ws/src/install/urdf_robot:/home/peach/ros2_ws/src/install/ros2_workshop:/opt/ros/humble /usr/bin/cmake --install /home/peach/ros2_ws/src/lucia_slam_navigation/build/lucia_bringup
[1.031s] Level 1:colcon.colcon_core.environment:create_environment_scripts_only(lucia_bringup)
[1.032s] Level 1:colcon.colcon_core.environment:checking '/home/peach/ros2_ws/src/lucia_slam_navigation/install/lucia_bringup' for CMake module files
[1.033s] Level 1:colcon.colcon_core.environment:checking '/home/peach/ros2_ws/src/lucia_slam_navigation/install/lucia_bringup' for CMake config files
[1.033s] Level 1:colcon.colcon_core.environment:checking '/home/peach/ros2_ws/src/lucia_slam_navigation/install/lucia_bringup/bin'
[1.033s] Level 1:colcon.colcon_core.environment:checking '/home/peach/ros2_ws/src/lucia_slam_navigation/install/lucia_bringup/lib/pkgconfig/lucia_bringup.pc'
[1.033s] Level 1:colcon.colcon_core.environment:checking '/home/peach/ros2_ws/src/lucia_slam_navigation/install/lucia_bringup/lib/python3.10/site-packages'
[1.034s] Level 1:colcon.colcon_core.environment:checking '/home/peach/ros2_ws/src/lucia_slam_navigation/install/lucia_bringup/bin'
[1.034s] INFO:colcon.colcon_core.shell:Creating package script '/home/peach/ros2_ws/src/lucia_slam_navigation/install/lucia_bringup/share/lucia_bringup/package.ps1'
[1.034s] INFO:colcon.colcon_core.shell:Creating package descriptor '/home/peach/ros2_ws/src/lucia_slam_navigation/install/lucia_bringup/share/lucia_bringup/package.dsv'
[1.035s] INFO:colcon.colcon_core.shell:Creating package script '/home/peach/ros2_ws/src/lucia_slam_navigation/install/lucia_bringup/share/lucia_bringup/package.sh'
[1.035s] INFO:colcon.colcon_core.shell:Creating package script '/home/peach/ros2_ws/src/lucia_slam_navigation/install/lucia_bringup/share/lucia_bringup/package.bash'
[1.035s] INFO:colcon.colcon_core.shell:Creating package script '/home/peach/ros2_ws/src/lucia_slam_navigation/install/lucia_bringup/share/lucia_bringup/package.zsh'
[1.036s] Level 1:colcon.colcon_core.environment:create_file_with_runtime_dependencies(/home/peach/ros2_ws/src/lucia_slam_navigation/install/lucia_bringup/share/colcon-core/packages/lucia_bringup)
[1.036s] DEBUG:colcon.colcon_parallel_executor.executor.parallel:closing loop
[1.037s] DEBUG:colcon.colcon_parallel_executor.executor.parallel:loop closed
[1.037s] DEBUG:colcon.colcon_parallel_executor.executor.parallel:run_until_complete finished with '1'
[1.037s] DEBUG:colcon.colcon_core.event_reactor:joining thread
[1.040s] INFO:colcon.colcon_core.plugin_system:Skipping extension 'colcon_notification.desktop_notification.terminal_notifier': Not used on non-Darwin systems
[1.040s] INFO:colcon.colcon_core.plugin_system:Skipping extension 'colcon_notification.desktop_notification.win32': Not used on non-Windows systems
[1.040s] INFO:colcon.colcon_notification.desktop_notification:Sending desktop notification using 'notify2'
[1.049s] DEBUG:colcon.colcon_core.event_reactor:joined thread
[1.049s] INFO:colcon.colcon_core.shell:Creating prefix script '/home/peach/ros2_ws/src/lucia_slam_navigation/install/local_setup.ps1'
[1.050s] INFO:colcon.colcon_core.shell:Creating prefix util module '/home/peach/ros2_ws/src/lucia_slam_navigation/install/_local_setup_util_ps1.py'
[1.051s] INFO:colcon.colcon_core.shell:Creating prefix chain script '/home/peach/ros2_ws/src/lucia_slam_navigation/install/setup.ps1'
[1.053s] INFO:colcon.colcon_core.shell:Creating prefix script '/home/peach/ros2_ws/src/lucia_slam_navigation/install/local_setup.sh'
[1.053s] INFO:colcon.colcon_core.shell:Creating prefix util module '/home/peach/ros2_ws/src/lucia_slam_navigation/install/_local_setup_util_sh.py'
[1.054s] INFO:colcon.colcon_core.shell:Creating prefix chain script '/home/peach/ros2_ws/src/lucia_slam_navigation/install/setup.sh'
[1.056s] INFO:colcon.colcon_core.shell:Creating prefix script '/home/peach/ros2_ws/src/lucia_slam_navigation/install/local_setup.bash'
[1.056s] INFO:colcon.colcon_core.shell:Creating prefix chain script '/home/peach/ros2_ws/src/lucia_slam_navigation/install/setup.bash'
[1.059s] INFO:colcon.colcon_core.shell:Creating prefix script '/home/peach/ros2_ws/src/lucia_slam_navigation/install/local_setup.zsh'
[1.059s] INFO:colcon.colcon_core.shell:Creating prefix chain script '/home/peach/ros2_ws/src/lucia_slam_navigation/install/setup.zsh'
